[debug] [2023-04-03T17:34:48.104Z] ----------------------------------------------------------------------
[debug] [2023-04-03T17:34:48.105Z] Command:       /usr/local/bin/node /usr/local/bin/firebase deploy
[debug] [2023-04-03T17:34:48.105Z] CLI Version:   11.18.0
[debug] [2023-04-03T17:34:48.105Z] Platform:      darwin
[debug] [2023-04-03T17:34:48.106Z] Node Version:  v16.17.0
[debug] [2023-04-03T17:34:48.109Z] Time:          Mon Apr 03 2023 12:34:48 GMT-0500 (Central Daylight Time)
[debug] [2023-04-03T17:34:48.109Z] ----------------------------------------------------------------------
[debug] 
[debug] [2023-04-03T17:34:48.110Z] >>> [apiv2][query] GET https://firebase-public.firebaseio.com/cli.json [none]
[debug] [2023-04-03T17:34:48.148Z] > command requires scopes: ["email","openid","https://www.googleapis.com/auth/cloudplatformprojects.readonly","https://www.googleapis.com/auth/firebase","https://www.googleapis.com/auth/cloud-platform"]
[debug] [2023-04-03T17:34:48.149Z] > authorizing via signed-in user (jason.merrell@codeup.com)
[debug] [2023-04-03T17:34:48.149Z] [iam] checking project codeup-zenith for permissions ["firebase.projects.get","firebasehosting.sites.update"]
[debug] [2023-04-03T17:34:48.149Z] > refreshing access token with scopes: []
[debug] [2023-04-03T17:34:48.149Z] >>> [apiv2][query] POST https://www.googleapis.com/oauth2/v3/token [none]
[debug] [2023-04-03T17:34:48.150Z] >>> [apiv2][body] POST https://www.googleapis.com/oauth2/v3/token [omitted]
[debug] [2023-04-03T17:34:48.223Z] <<< [apiv2][status] GET https://firebase-public.firebaseio.com/cli.json 200
[debug] [2023-04-03T17:34:48.223Z] <<< [apiv2][body] GET https://firebase-public.firebaseio.com/cli.json {"cloudBuildErrorAfter":1594252800000,"cloudBuildWarnAfter":1590019200000,"defaultNode10After":1594252800000,"minVersion":"3.0.5","node8DeploysDisabledAfter":1613390400000,"node8RuntimeDisabledAfter":1615809600000,"node8WarnAfter":1600128000000}
[debug] [2023-04-03T17:34:48.238Z] <<< [apiv2][status] POST https://www.googleapis.com/oauth2/v3/token 400
[debug] [2023-04-03T17:34:48.239Z] <<< [apiv2][body] POST https://www.googleapis.com/oauth2/v3/token [omitted]
[debug] [2023-04-03T17:34:48.239Z] >>> [apiv2][query] POST https://cloudresourcemanager.googleapis.com/v1/projects/codeup-zenith:testIamPermissions [none]
[debug] [2023-04-03T17:34:48.239Z] >>> [apiv2][(partial)header] POST https://cloudresourcemanager.googleapis.com/v1/projects/codeup-zenith:testIamPermissions x-goog-quota-user=projects/codeup-zenith
[debug] [2023-04-03T17:34:48.239Z] >>> [apiv2][body] POST https://cloudresourcemanager.googleapis.com/v1/projects/codeup-zenith:testIamPermissions {"permissions":["firebase.projects.get","firebasehosting.sites.update"]}
[debug] [2023-04-03T17:34:48.371Z] <<< [apiv2][status] POST https://cloudresourcemanager.googleapis.com/v1/projects/codeup-zenith:testIamPermissions 401
[debug] [2023-04-03T17:34:48.371Z] <<< [apiv2][body] POST https://cloudresourcemanager.googleapis.com/v1/projects/codeup-zenith:testIamPermissions {"error":{"code":401,"message":"Request had invalid authentication credentials. Expected OAuth 2 access token, login cookie or other valid authentication credential. See https://developers.google.com/identity/sign-in/web/devconsole-project.","status":"UNAUTHENTICATED","details":[{"@type":"type.googleapis.com/google.rpc.ErrorInfo","reason":"ACCESS_TOKEN_TYPE_UNSUPPORTED","metadata":{"service":"cloudresourcemanager.googleapis.com","method":"google.cloudresourcemanager.v1.Projects.TestIamPermissions"}}]}}
[debug] [2023-04-03T17:34:48.372Z] [iam] error while checking permissions, command may fail: FirebaseError: HTTP Error: 401, Request had invalid authentication credentials. Expected OAuth 2 access token, login cookie or other valid authentication credential. See https://developers.google.com/identity/sign-in/web/devconsole-project.
[debug] [2023-04-03T17:34:48.372Z] > refreshing access token with scopes: []
[debug] [2023-04-03T17:34:48.372Z] >>> [apiv2][query] POST https://www.googleapis.com/oauth2/v3/token [none]
[debug] [2023-04-03T17:34:48.372Z] >>> [apiv2][body] POST https://www.googleapis.com/oauth2/v3/token [omitted]
[debug] [2023-04-03T17:34:48.537Z] <<< [apiv2][status] POST https://www.googleapis.com/oauth2/v3/token 400
[debug] [2023-04-03T17:34:48.538Z] <<< [apiv2][body] POST https://www.googleapis.com/oauth2/v3/token [omitted]
[debug] [2023-04-03T17:34:48.539Z] >>> [apiv2][query] GET https://firebase.googleapis.com/v1beta1/projects/codeup-zenith [none]
[debug] [2023-04-03T17:34:48.628Z] <<< [apiv2][status] GET https://firebase.googleapis.com/v1beta1/projects/codeup-zenith 401
[debug] [2023-04-03T17:34:48.629Z] <<< [apiv2][body] GET https://firebase.googleapis.com/v1beta1/projects/codeup-zenith {"error":{"code":401,"message":"Request had invalid authentication credentials. Expected OAuth 2 access token, login cookie or other valid authentication credential. See https://developers.google.com/identity/sign-in/web/devconsole-project.","status":"UNAUTHENTICATED"}}
[debug] [2023-04-03T17:34:48.630Z] HTTP Error: 401, Request had invalid authentication credentials. Expected OAuth 2 access token, login cookie or other valid authentication credential. See https://developers.google.com/identity/sign-in/web/devconsole-project.
[debug] [2023-04-03T17:34:48.739Z] FirebaseError: HTTP Error: 401, Request had invalid authentication credentials. Expected OAuth 2 access token, login cookie or other valid authentication credential. See https://developers.google.com/identity/sign-in/web/devconsole-project.
    at responseToError (/usr/local/lib/node_modules/firebase-tools/lib/responseToError.js:49:12)
    at RetryOperation._fn (/usr/local/lib/node_modules/firebase-tools/lib/apiv2.js:288:77)
    at processTicksAndRejections (node:internal/process/task_queues:96:5)
[error] 
[error] Error: Failed to get Firebase project codeup-zenith. Please make sure the project exists and your account has permission to access it.
